<?xml version="1.0" encoding="UTF-8" ?>
<testsuite tests="3" failures="0" name="first.classes.AscendingMinimaAlgorithmTest" time="0.001" errors="0" skipped="0">
  <properties>
[...]
</properties>
  <testcase classname="first.classes.AscendingMinimaAlgorithmTest" name="FindMinimumWithAscendingMinima1" time="0.001"/>
  <testcase classname="first.classes.AscendingMinimaAlgorithmTest" name="FindMinimumWithAscendingMinima2" time="0"/>
  <testcase classname="first.classes.AscendingMinimaAlgorithmTest" name="FindMinimumWithAscendingMinima3" time="0"/>
</testsuite>